<?xml version="1.0" encoding="UTF-8"?>
<testsuite name="edu.duke.ece651.risc.server.TurnTest" tests="7" skipped="0" failures="0" errors="0" timestamp="2022-04-22T02:13:15" hostname="vcm-24503.vm.duke.edu" time="0.012">
  <properties/>
  <testcase name="test_MoveOrders()" classname="edu.duke.ece651.risc.server.TurnTest" time="0.0"/>
  <testcase name="test_RevolutionOrders()" classname="edu.duke.ece651.risc.server.TurnTest" time="0.0"/>
  <testcase name="test_AttackOrders()" classname="edu.duke.ece651.risc.server.TurnTest" time="0.0"/>
  <testcase name="test_create_turn()" classname="edu.duke.ece651.risc.server.TurnTest" time="0.0"/>
  <testcase name="test_order_messages()" classname="edu.duke.ece651.risc.server.TurnTest" time="0.001"/>
  <testcase name="test_TechnologyUpgradeOrders()" classname="edu.duke.ece651.risc.server.TurnTest" time="0.0"/>
  <testcase name="test_UnitUpgradeOrders()" classname="edu.duke.ece651.risc.server.TurnTest" time="0.001"/>
  <system-out><![CDATA[player 0 connected!
]]></system-out>
  <system-err><![CDATA[]]></system-err>
</testsuite>
