<?xml version="1.0" encoding="UTF-8"?>
<testsuite name="edu.duke.ece651.risc.server.NewServerTest" tests="2" skipped="0" failures="0" errors="0" timestamp="2022-04-22T02:13:15" hostname="vcm-24503.vm.duke.edu" time="0.004">
  <properties/>
  <testcase name="test_threadRun()" classname="edu.duke.ece651.risc.server.NewServerTest" time="0.003"/>
  <testcase name="test_newServer()" classname="edu.duke.ece651.risc.server.NewServerTest" time="0.001"/>
  <system-out><![CDATA[]]></system-out>
  <system-err><![CDATA[]]></system-err>
</testsuite>
