<?xml version="1.0" encoding="UTF-8"?>
<testsuite name="edu.duke.ece651.risc.server.ServerTest" tests="10" skipped="3" failures="0" errors="0" timestamp="2022-04-22T02:13:15" hostname="vcm-24503.vm.duke.edu" time="0.244">
  <properties/>
  <testcase name="test_socketConnection()" classname="edu.duke.ece651.risc.server.ServerTest" time="0.0">
    <skipped/>
  </testcase>
  <testcase name="test_5_player()" classname="edu.duke.ece651.risc.server.ServerTest" time="0.001"/>
  <testcase name="test_getNumberOfPlayers()" classname="edu.duke.ece651.risc.server.ServerTest" time="0.0"/>
  <testcase name="test_3_player()" classname="edu.duke.ece651.risc.server.ServerTest" time="0.0"/>
  <testcase name="test_executeTurn()" classname="edu.duke.ece651.risc.server.ServerTest" time="0.0">
    <skipped/>
  </testcase>
  <testcase name="test_checklose()" classname="edu.duke.ece651.risc.server.ServerTest" time="0.002">
    <skipped/>
  </testcase>
  <testcase name="test_4_player()" classname="edu.duke.ece651.risc.server.ServerTest" time="0.001"/>
  <testcase name="test_textmapdisplayinfo()" classname="edu.duke.ece651.risc.server.ServerTest" time="0.004"/>
  <testcase name="test_2_player()" classname="edu.duke.ece651.risc.server.ServerTest" time="0.12"/>
  <testcase name="test_buildPlayerMap()" classname="edu.duke.ece651.risc.server.ServerTest" time="0.101"/>
  <system-out><![CDATA[How many players are there going to be in the game?

Invalid player number. Please input a number between 2 to 5
Invalid player number. Please input a number between 2 to 5

--------
Welcome to the RISC game, this is a game for 2 player(s) on port 4001 
--------


Starting game with 2 players
--------

Server starts successfully, waiting for players to connect
player 0 connected!
player 1 connected!
]]></system-out>
  <system-err><![CDATA[]]></system-err>
</testsuite>
