<?xml version="1.0" encoding="UTF-8"?>
<testsuite name="edu.duke.ece651.risc.common.SpyUnitTest" tests="3" skipped="0" failures="0" errors="0" timestamp="2022-04-22T02:13:12" hostname="vcm-24503.vm.duke.edu" time="0.004">
  <properties/>
  <testcase name="test_revolution()" classname="edu.duke.ece651.risc.common.SpyUnitTest" time="0.001"/>
  <testcase name="test_funding()" classname="edu.duke.ece651.risc.common.SpyUnitTest" time="0.0"/>
  <testcase name="test_SpyUnit()" classname="edu.duke.ece651.risc.common.SpyUnitTest" time="0.0"/>
  <system-out><![CDATA[]]></system-out>
  <system-err><![CDATA[]]></system-err>
</testsuite>
