<?xml version="1.0" encoding="UTF-8"?>
<testsuite name="edu.duke.ece651.risc.common.BasicUnitTest" tests="7" skipped="0" failures="0" errors="0" timestamp="2022-04-22T02:13:12" hostname="vcm-24503.vm.duke.edu" time="0.01">
  <properties/>
  <testcase name="test_upgradeCost()" classname="edu.duke.ece651.risc.common.BasicUnitTest" time="0.001"/>
  <testcase name="test_upgradeUnit()" classname="edu.duke.ece651.risc.common.BasicUnitTest" time="0.003"/>
  <testcase name="test_getCost()" classname="edu.duke.ece651.risc.common.BasicUnitTest" time="0.001"/>
  <testcase name="test_getDisplayInfo()" classname="edu.duke.ece651.risc.common.BasicUnitTest" time="0.0"/>
  <testcase name="test_getTechLevel()" classname="edu.duke.ece651.risc.common.BasicUnitTest" time="0.001"/>
  <testcase name="test_getBonus()" classname="edu.duke.ece651.risc.common.BasicUnitTest" time="0.001"/>
  <testcase name="test_createUpgradeMap()" classname="edu.duke.ece651.risc.common.BasicUnitTest" time="0.001"/>
  <system-out><![CDATA[]]></system-out>
  <system-err><![CDATA[]]></system-err>
</testsuite>
