<?xml version="1.0" encoding="UTF-8"?>
<testsuite name="edu.duke.ece651.risc.common.TextUnitDisplayInfoTest" tests="1" skipped="0" failures="0" errors="0" timestamp="2022-04-22T02:13:12" hostname="vcm-24503.vm.duke.edu" time="0.001">
  <properties/>
  <testcase name="test_displayUnit()" classname="edu.duke.ece651.risc.common.TextUnitDisplayInfoTest" time="0.001"/>
  <system-out><![CDATA[]]></system-out>
  <system-err><![CDATA[]]></system-err>
</testsuite>
