<?xml version="1.0" encoding="UTF-8"?>
<testsuite name="edu.duke.ece651.risc.common.RevolutionOrderTest" tests="6" skipped="0" failures="0" errors="0" timestamp="2022-04-22T02:13:12" hostname="vcm-24503.vm.duke.edu" time="0.011">
  <properties/>
  <testcase name="test_not_enough_funding()" classname="edu.duke.ece651.risc.common.RevolutionOrderTest" time="0.002"/>
  <testcase name="test_vaild_revolution_order()" classname="edu.duke.ece651.risc.common.RevolutionOrderTest" time="0.001"/>
  <testcase name="test_getSpy()" classname="edu.duke.ece651.risc.common.RevolutionOrderTest" time="0.0"/>
  <testcase name="test_no_spy()" classname="edu.duke.ece651.risc.common.RevolutionOrderTest" time="0.001"/>
  <testcase name="test_already_revolution_in_target()" classname="edu.duke.ece651.risc.common.RevolutionOrderTest" time="0.0"/>
  <testcase name="test_friendly_target()" classname="edu.duke.ece651.risc.common.RevolutionOrderTest" time="0.001"/>
  <system-out><![CDATA[]]></system-out>
  <system-err><![CDATA[]]></system-err>
</testsuite>
