<?xml version="1.0" encoding="UTF-8"?>
<testsuite name="edu.duke.ece651.risc.common.TechnologyUpgradeOrderTest" tests="2" skipped="0" failures="0" errors="0" timestamp="2022-04-22T02:13:12" hostname="vcm-24503.vm.duke.edu" time="0.005">
  <properties/>
  <testcase name="test_valid_orderAction()" classname="edu.duke.ece651.risc.common.TechnologyUpgradeOrderTest" time="0.002"/>
  <testcase name="test_invalid_orderAction()" classname="edu.duke.ece651.risc.common.TechnologyUpgradeOrderTest" time="0.002"/>
  <system-out><![CDATA[]]></system-out>
  <system-err><![CDATA[]]></system-err>
</testsuite>
