<?xml version="1.0" encoding="UTF-8"?>
<testsuite name="edu.duke.ece651.risc.common.UIPlayerDisplayInfoTest" tests="1" skipped="0" failures="0" errors="0" timestamp="2022-04-22T02:13:12" hostname="vcm-24503.vm.duke.edu" time="0.005">
  <properties/>
  <testcase name="test_UIPlayerDisplayInfo()" classname="edu.duke.ece651.risc.common.UIPlayerDisplayInfoTest" time="0.005"/>
  <system-out><![CDATA[{"Player": {
    "Technology Level": "1",
    "Resources": "1337",
    "Spies": [],
    "Territories": [
        {"Territory": {
            "Cloaking Turn": 0,
            "Neighbors": [
                "Mustafar",
                "Tatooine",
                "Alderaan"
            ],
            "Cloaked": false,
            "Units": [
                {"A": 9},
                {"C": 6},
                {"F": 3}
            ],
            "Name": "Hoth"
        }},
        {"Territory": {
            "Cloaking Turn": 0,
            "Neighbors": ["Hoth"],
            "Cloaked": false,
            "Units": [
                {"A": 3},
                {"D": 3},
                {"E": 3}
            ],
            "Name": "Mustafar"
        }}
    ],
    "Name": "Vader"
}}
]]></system-out>
  <system-err><![CDATA[]]></system-err>
</testsuite>
